C72H88N6O2S8

#	Angle	d(Å)	I%(f)	( h k l)	θ(°)	1/(2d)	2π/d	m
1	6.211	14.2187	100.0	( 0 1 1)	3.105	0.0352	0.4419	4
2	6.454	13.6834	1.2	( 1 0 0)	3.227	0.0365	0.4592	2
3	7.793	11.3348	7.1	( 0 1 2)	3.897	0.0441	0.5543	4
4	8.539	10.3465	9.2	( 1 1 0)	4.270	0.0483	0.6073	4
5	8.744	10.1044	1.9	(-1 1 1)	4.372	0.0495	0.6218	4
6	9.174	9.6315	0.4	( 1 1 1)	4.587	0.0519	0.6524	4
7	9.737	9.0763	3.2	(-1 1 2)	4.868	0.0551	0.6923	4
8	10.500	8.4186	4.9	( 1 1 2)	5.250	0.0594	0.7463	4
9	10.874	8.1294	3.5	( 0 0 4)	5.437	0.0615	0.7729	2
10	11.184	7.9052	5.1	( 0 2 0)	5.592	0.0632	0.7948	2
11	11.314	7.8147	0.2	(-1 1 3)	5.657	0.0640	0.8040	4
12	12.029	7.3518	1.3	(-1 0 4)	6.014	0.0680	0.8546	2
13	12.440	7.1094	9.1	( 0 2 2)	6.220	0.0703	0.8838	4
14	12.923	6.8450	0.2	( 1 2 0)	6.461	0.0730	0.9179	4
15	13.253	6.6751	3.6	( 1 0 4)	6.627	0.0749	0.9413	2
16	13.271	6.6663	1.0	(-1 1 4)	6.635	0.0750	0.9425	4
17	13.353	6.6254	0.1	( 1 2 1)	6.677	0.0755	0.9484	4
18	13.854	6.3870	0.5	( 0 2 3)	6.927	0.0783	0.9837	4
19	14.093	6.2790	1.0	( 2 1 0)	7.047	0.0796	1.0007	4
20	14.301	6.1885	4.8	( 1 2 2)	7.150	0.0808	1.0153	4
21	14.392	6.1495	0.6	( 1 1 4)	7.196	0.0813	1.0217	4
22	14.591	6.0660	1.1	(-2 1 2)	7.295	0.0824	1.0358	4
23	14.623	6.0528	0.2	( 2 1 1)	7.311	0.0826	1.0381	4
24	14.716	6.0145	0.5	( 0 1 5)	7.358	0.0831	1.0447	4
25	15.569	5.6870	0.2	(-2 1 3)	7.785	0.0879	1.1048	4
26	15.619	5.6689	0.3	( 2 1 2)	7.810	0.0882	1.1084	4
27	15.673	5.6494	0.8	( 1 2 3)	7.837	0.0885	1.1122	4
28	15.978	5.5424	1.3	(-2 0 4)	7.989	0.0902	1.1337	2
29	16.342	5.4196	0.1	( 0 0 6)	8.171	0.0923	1.1593	2
30	16.453	5.3835	0.3	(-1 2 4)	8.226	0.0929	1.1671	4
31	16.678	5.3113	5.7	( 1 1 5)	8.339	0.0941	1.1830	4
32	16.909	5.2392	6.8	(-1 0 6)	8.455	0.0954	1.1993	2
33	16.938	5.2303	2.1	(-2 1 4)	8.469	0.0956	1.2013	4
34	17.030	5.2022	3.4	( 0 3 1)	8.515	0.0961	1.2078	4
35	17.117	5.1760	0.4	(-2 2 1)	8.559	0.0966	1.2139	4
36	17.126	5.1732	2.8	( 2 2 0)	8.563	0.0967	1.2146	4
37	17.283	5.1267	3.3	( 0 1 6)	8.641	0.0975	1.2256	4
38	17.540	5.0522	0.1	(-2 2 2)	8.770	0.0990	1.2437	4
39	17.567	5.0445	0.5	( 2 2 1)	8.783	0.0991	1.2455	4
40	17.677	5.0133	0.4	( 0 3 2)	8.838	0.0997	1.2533	4
41	17.822	4.9729	0.8	( 2 0 4)	8.911	0.1005	1.2635	6
42	18.023	4.9180	0.9	( 1 3 0)	9.011	0.1017	1.2776	4
43	18.241	4.8597	0.4	( 1 0 6)	9.120	0.1029	1.2929	2
44	18.280	4.8494	0.7	(-1 2 5)	9.140	0.1031	1.2957	4
45	18.336	4.8346	0.2	( 1 3 1)	9.168	0.1034	1.2996	4
46	18.366	4.8269	0.2	(-2 2 3)	9.183	0.1036	1.3017	4
47	18.408	4.8157	3.0	( 2 2 2)	9.204	0.1038	1.3047	4
48	18.614	4.7630	0.2	(-2 1 5)	9.307	0.1050	1.3192	4
49	18.690	4.7438	1.4	( 2 1 4)	9.345	0.1054	1.3245	4
50	18.707	4.7396	1.2	( 0 3 3)	9.353	0.1055	1.3257	4
51	19.043	4.6568	0.4	( 1 3 2)	9.521	0.1074	1.3493	4
52	19.319	4.5907	0.2	( 1 2 5)	9.660	0.1089	1.3687	4
53	19.446	4.5611	2.3	( 3 0 0)	9.723	0.1096	1.3776	2
54	19.509	4.5464	1.2	(-1 3 3)	9.755	0.1100	1.3820	4
55	19.601	4.5252	2.1	( 2 2 3)	9.801	0.1105	1.3885	4
56	19.614	4.5224	1.0	(-3 0 2)	9.807	0.1106	1.3894	2
57	19.736	4.4948	0.3	(-2 0 6)	9.868	0.1112	1.3979	2
58	19.905	4.4570	0.6	( 0 1 7)	9.952	0.1122	1.4097	4
59	20.247	4.3824	3.0	( 3 1 0)	10.123	0.1141	1.4337	4
60	20.279	4.3755	4.4	(-1 1 7)	10.140	0.1143	1.4360	4
61	20.318	4.3671	0.1	(-1 2 6)	10.159	0.1145	1.4387	4
62	20.409	4.3480	1.2	(-3 1 2)	10.204	0.1150	1.4451	4
63	20.526	4.3235	0.1	(-2 1 6)	10.263	0.1156	1.4533	4
64	20.721	4.2833	1.3	(-1 3 4)	10.360	0.1167	1.4669	4
65	21.021	4.2227	1.2	(-2 2 5)	10.511	0.1184	1.4880	4
66	21.033	4.2203	3.7	(-3 1 3)	10.517	0.1185	1.4888	4
67	21.249	4.1780	2.2	(-3 0 4)	10.624	0.1197	1.5039	2
68	21.256	4.1765	2.4	(-2 3 1)	10.628	0.1197	1.5044	4
69	21.264	4.1751	0.8	( 2 3 0)	10.632	0.1198	1.5049	4
70	21.532	4.1237	5.2	( 3 1 2)	10.766	0.1213	1.5237	4
71	21.687	4.0945	1.0	( 0 3 5)	10.844	0.1221	1.5345	4
72	21.848	4.0647	0.2	( 0 0 8)	10.924	0.1230	1.5458	2
73	21.993	4.0382	0.3	( 2 0 6)	10.997	0.1238	1.5559	2
74	22.103	4.0185	0.2	(-1 0 8)	11.051	0.1244	1.5636	2
75	22.178	4.0050	1.4	( 0 2 7)	11.089	0.1248	1.5688	4
76	22.282	3.9865	1.0	(-2 3 3)	11.141	0.1254	1.5761	4
77	22.318	3.9802	0.2	( 2 3 2)	11.159	0.1256	1.5786	4
78	22.392	3.9672	0.2	(-3 2 1)	11.196	0.1260	1.5838	4
79	22.476	3.9526	10.8	( 0 4 0)	11.238	0.1265	1.5896	2
80	22.487	3.9507	1.2	( 3 2 0)	11.243	0.1266	1.5904	4
81	22.568	3.9367	0.1	( 0 1 8)	11.284	0.1270	1.5961	4
82	22.644	3.9237	2.2	( 0 4 1)	11.322	0.1274	1.6013	4
83	22.654	3.9219	1.8	( 3 1 3)	11.327	0.1275	1.6021	4
84	22.708	3.9126	0.6	( 2 1 6)	11.354	0.1278	1.6059	4
85	22.740	3.9073	0.1	(-2 2 6)	11.370	0.1280	1.6081	4
86	22.816	3.8944	0.3	( 2 2 5)	11.408	0.1284	1.6134	4
87	22.914	3.8780	3.1	( 3 2 1)	11.457	0.1289	1.6202	4
88	23.081	3.8504	0.6	( 1 3 5)	11.540	0.1299	1.6318	4
89	23.201	3.8307	1.2	(-3 2 3)	11.601	0.1305	1.6402	4
90	23.272	3.8192	0.2	(-2 3 4)	11.636	0.1309	1.6452	4
91	23.320	3.8115	1.7	( 2 3 3)	11.660	0.1312	1.6485	4
92	23.486	3.7848	0.4	( 1 0 8)	11.743	0.1321	1.6601	6
93	23.527	3.7783	0.9	( 0 3 6)	11.764	0.1323	1.6630	4
94	23.653	3.7585	0.2	( 1 4 1)	11.826	0.1330	1.6717	4
95	23.930	3.7156	0.3	(-1 3 6)	11.965	0.1346	1.6911	4
96	24.043	3.6983	1.5	( 3 1 4)	12.022	0.1352	1.6989	4
97	24.192	3.6759	0.6	(-2 0 8)	12.096	0.1360	1.7093	2
98	24.211	3.6732	0.4	( 1 4 2)	12.105	0.1361	1.7106	4
99	24.535	3.6254	0.2	(-2 3 5)	12.267	0.1379	1.7331	4
100	24.593	3.6169	0.2	( 2 3 4)	12.297	0.1382	1.7372	4
101	24.653	3.6082	0.4	(-2 2 7)	12.327	0.1386	1.7413	4
102	24.687	3.6034	0.1	( 3 2 3)	12.343	0.1388	1.7437	4
103	24.835	3.5822	0.2	(-1 2 8)	12.417	0.1396	1.7540	4
104	24.848	3.5804	0.2	(-2 1 8)	12.424	0.1396	1.7549	4
105	25.409	3.5026	0.3	(-1 1 9)	12.704	0.1428	1.7939	4
106	25.541	3.4848	0.4	( 0 3 7)	12.770	0.1435	1.8030	4
107	25.660	3.4689	0.3	( 3 1 5)	12.830	0.1441	1.8113	4
108	25.728	3.4598	0.6	(-3 3 1)	12.864	0.1445	1.8161	4
109	25.812	3.4488	0.1	( 3 3 0)	12.906	0.1450	1.8218	4
110	25.837	3.4455	1.0	(-1 3 7)	12.919	0.1451	1.8236	4
111	25.941	3.4320	0.2	(-3 3 2)	12.970	0.1457	1.8308	4
112	26.014	3.4225	0.3	( 2 4 0)	13.007	0.1461	1.8359	4
113	26.027	3.4208	2.6	( 4 0 0)	13.013	0.1462	1.8367	2
114	26.034	3.4199	0.2	(-2 3 6)	13.017	0.1462	1.8373	4
115	26.102	3.4112	0.1	( 2 3 5)	13.051	0.1466	1.8419	4
116	26.181	3.4010	0.7	( 1 4 4)	13.090	0.1470	1.8474	4
117	26.188	3.4002	0.1	( 3 3 1)	13.094	0.1471	1.8479	4
118	26.365	3.3777	0.5	( 0 4 5)	13.183	0.1480	1.8602	4
119	26.484	3.3628	0.1	(-4 1 1)	13.242	0.1487	1.8684	4
120	26.640	3.3435	0.7	( 4 1 0)	13.320	0.1495	1.8792	4
121	26.780	3.3263	0.3	( 1 1 9)	13.390	0.1503	1.8889	4
122	26.845	3.3184	0.2	( 3 3 2)	13.422	0.1507	1.8934	4
123	26.862	3.3163	0.2	(-2 4 3)	13.431	0.1508	1.8946	4
124	26.892	3.3127	0.1	( 2 4 2)	13.446	0.1509	1.8967	4
125	27.079	3.2903	10.9	( 4 1 1)	13.539	0.1520	1.9096	4
126	27.114	3.2861	0.3	( 0 2 9)	13.557	0.1522	1.9121	4
127	27.187	3.2774	0.3	(-2 1 9)	13.594	0.1526	1.9171	4
128	27.199	3.2760	18.1	( 4 0 2)	13.600	0.1526	1.9180	2
129	27.249	3.2701	1.5	(-1 2 9)	13.624	0.1529	1.9214	4
130	27.287	3.2656	0.3	( 2 1 8)	13.644	0.1531	1.9241	4
131	27.406	3.2517	0.1	(0,0,10)	13.703	0.1538	1.9322	2
132	27.484	3.2427	0.3	( 3 2 5)	13.742	0.1542	1.9377	4
133	27.719	3.2157	0.2	(-4 1 4)	13.859	0.1555	1.9539	4
134	27.739	3.2135	0.2	( 2 4 3)	13.869	0.1556	1.9553	4
135	27.810	3.2054	0.2	( 2 3 6)	13.905	0.1560	1.9602	4
136	28.206	3.1613	0.3	(-3 2 7)	14.103	0.1582	1.9876	4
137	28.259	3.1555	2.0	(-4 2 1)	14.129	0.1585	1.9912	8
138	28.335	3.1472	0.2	( 0 5 1)	14.167	0.1589	1.9964	4
139	28.406	3.1395	0.9	( 4 2 0)	14.203	0.1593	2.0013	4
140	28.538	3.1253	0.7	( 1 2 9)	14.269	0.1600	2.0104	4
141	28.738	3.1039	0.1	( 0 5 2)	14.369	0.1611	2.0243	4
142	28.750	3.1027	4.5	( 4 1 3)	14.375	0.1612	2.0251	4
143	28.775	3.1000	0.8	(-4 2 3)	14.388	0.1613	2.0268	4
144	28.830	3.0943	0.1	( 2 4 4)	14.415	0.1616	2.0306	4
145	28.922	3.0846	0.1	(-2 2 9)	14.461	0.1621	2.0370	4
146	28.925	3.0844	0.5	( 3 3 4)	14.462	0.1621	2.0371	4
147	28.958	3.0809	0.1	( 1 5 0)	14.479	0.1623	2.0394	4
148	29.060	3.0703	1.1	(-2,0,10)	14.530	0.1629	2.0465	2
149	29.348	3.0408	0.1	(-1 5 2)	14.674	0.1644	2.0663	4
150	29.444	3.0311	0.1	(1,1,10)	14.722	0.1650	2.0729	4
151	29.491	3.0264	1.0	( 4 2 2)	14.745	0.1652	2.0761	4
152	29.605	3.0149	0.4	(-2 3 8)	14.803	0.1658	2.0840	4
153	29.816	2.9942	0.3	(-3 4 1)	14.908	0.1670	2.0985	4
154	29.834	2.9924	0.2	(-4 1 6)	14.917	0.1671	2.0997	4
155	29.931	2.9829	0.3	(-1 5 3)	14.965	0.1676	2.1064	4
156	29.942	2.9818	0.4	( 4 1 4)	14.971	0.1677	2.1072	4
157	30.001	2.9761	0.2	(-3 4 2)	15.001	0.1680	2.1112	4
158	30.084	2.9681	0.4	(-1 3 9)	15.042	0.1685	2.1169	4
159	30.217	2.9553	0.4	( 3 4 1)	15.109	0.1692	2.1261	4
160	30.304	2.9470	0.9	( 0 5 4)	15.152	0.1697	2.1321	4
161	30.318	2.9457	0.7	(-4 2 5)	15.159	0.1697	2.1330	4
162	30.745	2.9058	0.5	(0,1,11)	15.372	0.1721	2.1623	4
163	30.795	2.9011	0.2	( 3 4 2)	15.398	0.1723	2.1658	4
164	31.008	2.8817	0.1	( 3 0 8)	15.504	0.1735	2.1804	2
165	31.052	2.8777	0.1	( 3 2 7)	15.526	0.1738	2.1834	4
166	31.123	2.8713	0.5	(-3 4 4)	15.562	0.1741	2.1883	8
167	31.129	2.8708	0.1	(-2 5 1)	15.564	0.1742	2.1887	4
168	31.326	2.8532	0.4	( 2 2 9)	15.663	0.1752	2.2021	4
169	31.340	2.8519	0.9	( 4 1 5)	15.670	0.1753	2.2032	4
170	31.485	2.8391	0.2	(-4 3 3)	15.742	0.1761	2.2131	4
171	31.526	2.8355	0.3	( 4 3 1)	15.763	0.1763	2.2159	4
172	31.538	2.8344	0.3	( 4 2 4)	15.769	0.1764	2.2167	4
173	31.583	2.8305	0.7	(-2 4 7)	15.792	0.1766	2.2198	4
174	31.728	2.8179	0.2	(-1 4 8)	15.864	0.1774	2.2297	4
175	31.806	2.8112	0.2	(-1 5 5)	15.903	0.1779	2.2350	4
176	32.085	2.7874	0.2	(-4 3 4)	16.043	0.1794	2.2541	4
177	32.117	2.7847	1.0	(-2,1,11)	16.059	0.1796	2.2563	4
178	32.147	2.7821	0.1	(1,1,11)	16.074	0.1797	2.2584	4
179	32.223	2.7757	0.6	(2,1,10)	16.112	0.1801	2.2636	4
180	32.602	2.7444	0.2	(-3 3 8)	16.301	0.1822	2.2895	4
181	32.733	2.7337	0.2	( 1 4 8)	16.367	0.1829	2.2985	4
182	33.030	2.7098	0.3	(0,0,12)	16.515	0.1845	2.3187	2
183	33.196	2.6966	0.1	( 5 1 0)	16.598	0.1854	2.3301	4
184	33.257	2.6918	0.1	(-2 4 8)	16.629	0.1858	2.3342	4
185	33.331	2.6860	0.1	( 2 4 7)	16.666	0.1862	2.3393	4
186	33.607	2.6646	0.1	(1,3,10)	16.803	0.1876	2.3580	4
187	33.621	2.6635	0.2	(-2,2,11)	16.810	0.1877	2.3590	4
188	34.476	2.5993	0.1	(-5 2 1)	17.238	0.1924	2.4172	4
189	34.514	2.5966	0.3	(-4 1 9)	17.257	0.1926	2.4198	4
190	34.651	2.5866	0.1	( 4 4 0)	17.325	0.1933	2.4291	4
191	34.657	2.5862	0.1	(-2 5 6)	17.328	0.1933	2.4295	4
192	34.682	2.5844	0.1	(-2,1,12)	17.341	0.1935	2.4312	4
193	34.767	2.5782	0.1	(0,3,11)	17.384	0.1939	2.4370	4
194	34.972	2.5636	0.4	(-3 5 3)	17.486	0.1950	2.4509	8
195	34.975	2.5634	0.1	(0,2,12)	17.488	0.1951	2.4511	4
196	35.084	2.5556	0.3	(-2 4 9)	17.542	0.1956	2.4585	4
197	35.564	2.5223	0.3	( 4 4 2)	17.782	0.1982	2.4911	4
198	35.929	2.4975	0.3	(-4,0,10)	17.964	0.2002	2.5158	2
199	36.099	2.4861	0.2	(2,3,10)	18.050	0.2011	2.5273	4
200	36.151	2.4826	0.1	(-3,2,11)	18.076	0.2014	2.5308	4
201	36.182	2.4806	0.2	( 5 1 4)	18.091	0.2016	2.5329	4
202	36.197	2.4796	0.1	(2,2,11)	18.098	0.2016	2.5339	4
203	36.338	2.4703	0.7	(-3,3,10)	18.169	0.2024	2.5435	4
204	36.811	2.4397	0.1	(-5 3 1)	18.405	0.2049	2.5754	4
205	36.853	2.4370	0.1	(-5 3 2)	18.426	0.2052	2.5783	4
206	37.046	2.4247	0.6	(-2,4,10)	18.523	0.2062	2.5913	4
207	37.542	2.3938	0.1	( 5 2 4)	18.771	0.2089	2.6248	4
208	37.571	2.3921	0.2	(-1,2,13)	18.785	0.2090	2.6267	4
209	37.639	2.3879	0.2	(-3 4 9)	18.819	0.2094	2.6313	4
210	37.649	2.3873	0.1	( 1 6 5)	18.824	0.2094	2.6320	4
211	37.877	2.3734	0.1	(-1 5 9)	18.939	0.2107	2.6473	4
212	37.956	2.3686	0.4	( 5 3 2)	18.978	0.2111	2.6526	4
213	37.998	2.3661	0.2	(-5 2 7)	18.999	0.2113	2.6555	4
214	38.186	2.3549	0.2	(-4 3 9)	19.093	0.2123	2.6681	4
215	38.528	2.3348	1.2	(1,3,12)	19.264	0.2142	2.6911	4
216	38.630	2.3288	0.1	(-2,2,13)	19.315	0.2147	2.6980	4
217	38.731	2.3230	0.2	(-4 5 2)	19.366	0.2152	2.7048	4
218	38.744	2.3223	0.1	( 5 3 3)	19.372	0.2153	2.7056	4
219	38.845	2.3164	0.1	( 1 6 6)	19.423	0.2158	2.7124	4
220	38.849	2.3163	0.3	( 1 5 9)	19.424	0.2159	2.7127	4
221	38.977	2.3089	0.4	(1,2,13)	19.488	0.2166	2.7213	4
222	39.064	2.3040	0.2	( 4 5 1)	19.532	0.2170	2.7271	4
223	39.152	2.2990	0.1	(1,4,11)	19.576	0.2175	2.7330	4
224	39.215	2.2954	0.2	( 2 5 8)	19.608	0.2178	2.7372	4
225	39.405	2.2848	0.3	(-3 6 1)	19.702	0.2188	2.7500	4
226	39.721	2.2674	0.2	( 5 3 4)	19.860	0.2205	2.7711	4
227	39.857	2.2599	0.2	( 4 2 9)	19.929	0.2212	2.7802	4
228	39.861	2.2597	0.2	(0,3,13)	19.930	0.2213	2.7805	4
229	40.090	2.2473	0.1	(2,1,13)	20.045	0.2225	2.7959	4
230	40.290	2.2367	0.1	( 4 5 3)	20.145	0.2235	2.8092	4
231	40.438	2.2288	0.1	(-3 6 4)	20.219	0.2243	2.8191	4
232	40.444	2.2285	0.1	( 1 7 0)	20.222	0.2244	2.8195	4
233	40.715	2.2143	0.1	(-5 2 9)	20.358	0.2258	2.8376	4
234	40.737	2.2131	0.1	(-1 7 2)	20.368	0.2259	2.8390	4
235	40.776	2.2111	0.3	( 0 7 3)	20.388	0.2261	2.8416	4
236	40.791	2.2103	0.2	(-3,2,13)	20.395	0.2262	2.8426	4
237	40.806	2.2096	0.1	(-2 6 7)	20.403	0.2263	2.8436	4
238	40.922	2.2036	0.3	(-1 6 8)	20.461	0.2269	2.8514	4
239	40.938	2.2027	0.2	(-2,5,10)	20.469	0.2270	2.8524	4
240	40.942	2.2025	0.1	( 1 7 2)	20.471	0.2270	2.8527	4
241	41.176	2.1905	0.1	(-1 7 3)	20.588	0.2283	2.8683	4
242	41.367	2.1809	0.6	(-3,4,11)	20.683	0.2293	2.8810	4
243	41.622	2.1681	0.2	(-3,0,14)	20.811	0.2306	2.8980	2
244	41.805	2.1590	0.2	(-1 7 4)	20.903	0.2316	2.9102	4
245	42.155	2.1419	0.2	( 6 2 2)	21.077	0.2334	2.9334	4
246	42.206	2.1395	0.2	( 1 7 4)	21.103	0.2337	2.9368	4
247	42.256	2.1370	0.1	( 4 5 5)	21.128	0.2340	2.9401	4
248	42.657	2.1179	0.2	(-2 7 3)	21.328	0.2361	2.9667	4
249	42.795	2.1113	0.1	(-4,4,10)	21.398	0.2368	2.9759	4
250	42.859	2.1083	0.2	(-2,5,11)	21.430	0.2372	2.9802	4
251	43.149	2.0948	0.2	(-3,5,10)	21.574	0.2387	2.9994	4
252	43.153	2.0946	0.1	(-6 3 3)	21.577	0.2387	2.9997	4
253	43.492	2.0791	0.2	( 4 5 6)	21.746	0.2405	3.0221	4
254	43.559	2.0761	0.2	(-5 5 1)	21.780	0.2408	3.0265	4
255	43.668	2.0711	0.3	(-2 6 9)	21.834	0.2414	3.0337	8
256	43.694	2.0700	0.1	(2,4,12)	21.847	0.2415	3.0354	4
257	43.853	2.0628	0.1	( 3 6 6)	21.926	0.2424	3.0459	4
258	43.875	2.0618	0.2	( 6 2 4)	21.938	0.2425	3.0474	4
259	43.910	2.0603	0.6	(1,4,13)	21.955	0.2427	3.0497	4
260	44.144	2.0499	0.1	( 6 3 2)	22.072	0.2439	3.0651	4
261	44.289	2.0435	0.1	(-5,3,10)	22.145	0.2447	3.0747	4
262	44.602	2.0299	0.1	(-3,1,15)	22.301	0.2463	3.0953	4
263	44.654	2.0277	0.1	(-4,0,14)	22.327	0.2466	3.0987	2
264	44.738	2.0240	0.1	( 3 7 0)	22.369	0.2470	3.1043	4
265	44.754	2.0234	0.2	(-1 7 7)	22.377	0.2471	3.1053	4
266	44.897	2.0173	0.2	(-2,5,12)	22.448	0.2479	3.1147	4
267	44.948	2.0151	0.2	(-6 1 9)	22.474	0.2481	3.1181	4
268	45.062	2.0103	0.3	(1,5,12)	22.531	0.2487	3.1255	4
269	45.246	2.0025	0.2	(0,4,14)	22.623	0.2497	3.1376	4
270	45.469	1.9932	0.3	(-2,1,16)	22.734	0.2509	3.1523	4
271	45.813	1.9790	0.1	(1,0,16)	22.907	0.2527	3.1749	2
272	45.818	1.9788	0.2	(-2,3,15)	22.909	0.2527	3.1752	4
273	46.237	1.9619	0.2	( 0 8 2)	23.119	0.2549	3.2027	4
274	46.406	1.9551	0.1	(1,4,14)	23.203	0.2557	3.2137	4
275	46.426	1.9543	0.2	(-1 8 1)	23.213	0.2558	3.2151	4
276	46.442	1.9537	0.1	(-4,4,12)	23.221	0.2559	3.2161	4
277	46.519	1.9506	0.2	( 1 8 1)	23.259	0.2563	3.2211	4
278	46.555	1.9492	0.1	(-7 1 1)	23.278	0.2565	3.2235	4
279	46.737	1.9420	0.1	(-6 4 5)	23.368	0.2575	3.2353	4
280	46.830	1.9384	0.2	( 1 8 2)	23.415	0.2579	3.2414	4
281	46.866	1.9370	0.1	(-3,5,12)	23.433	0.2581	3.2438	4
282	46.882	1.9364	0.2	( 6 3 5)	23.441	0.2582	3.2448	4
283	47.641	1.9073	0.2	(4,1,13)	23.821	0.2622	3.2943	4
284	47.679	1.9059	0.1	( 6 2 7)	23.839	0.2623	3.2968	4
285	47.811	1.9009	0.1	(-3,4,14)	23.905	0.2630	3.3054	4
286	48.149	1.8883	0.1	( 6 1 8)	24.075	0.2648	3.3274	4
287	48.898	1.8611	0.2	(-3,5,13)	24.449	0.2687	3.3760	4
288	48.992	1.8578	0.1	(-2,6,12)	24.496	0.2691	3.3821	4
289	49.075	1.8549	0.1	(2,6,11)	24.537	0.2696	3.3874	4
290	49.431	1.8423	0.2	( 7 1 4)	24.716	0.2714	3.4105	4
291	49.604	1.8363	0.2	( 7 2 3)	24.802	0.2723	3.4217	4
292	49.626	1.8355	0.1	(-5 6 6)	24.813	0.2724	3.4231	4
293	50.274	1.8134	0.2	( 3 8 0)	25.137	0.2757	3.4649	4
294	50.488	1.8062	0.2	( 3 8 1)	25.244	0.2768	3.4787	4
295	51.704	1.7665	0.2	( 7 1 6)	25.852	0.2830	3.5568	4
296	52.143	1.7527	0.1	(1,5,15)	26.072	0.2853	3.5849	4
297	52.488	1.7420	0.1	( 5 7 0)	26.244	0.2870	3.6069	4
298	53.486	1.7118	0.1	(-4,2,17)	26.743	0.2921	3.6705	4
299	54.513	1.6820	0.3	( 8 0 2)	27.257	0.2973	3.7356	2
300	55.564	1.6526	0.6	( 8 1 3)	27.782	0.3026	3.8020	4
301	55.986	1.6412	0.1	(-7 4 9)	27.993	0.3047	3.8285	4
302	56.103	1.6380	0.5	( 8 0 4)	28.052	0.3053	3.8359	2
303	56.605	1.6247	0.1	( 3 9 2)	28.302	0.3078	3.8674	4
304	57.458	1.6026	0.2	(5,3,14)	28.729	0.3120	3.9207	4
305	57.747	1.5952	0.1	( 5 8 1)	28.873	0.3134	3.9387	4
306	62.016	1.4953	0.1	(5,4,15)	31.008	0.3344	4.2021	4
